  main.cpp
C:\Users\Peter\Developer\algorithms\data-structures\Trie\main.cpp(94): error C2664: 'void Trie::insert(char [],int)': cannot convert argument 1 from 'const char [5]' to 'char []'
  C:\Users\Peter\Developer\algorithms\data-structures\Trie\main.cpp(94): note: Conversion from string literal loses const qualifier (see /Zc:strictStrings)
C:\Users\Peter\Developer\algorithms\data-structures\Trie\main.cpp(95): error C2664: 'void Trie::insert(char [],int)': cannot convert argument 1 from 'const char [4]' to 'char []'
  C:\Users\Peter\Developer\algorithms\data-structures\Trie\main.cpp(95): note: Conversion from string literal loses const qualifier (see /Zc:strictStrings)
C:\Users\Peter\Developer\algorithms\data-structures\Trie\main.cpp(96): error C2664: 'void Trie::insert(char [],int)': cannot convert argument 1 from 'const char [4]' to 'char []'
  C:\Users\Peter\Developer\algorithms\data-structures\Trie\main.cpp(96): note: Conversion from string literal loses const qualifier (see /Zc:strictStrings)
C:\Users\Peter\Developer\algorithms\data-structures\Trie\main.cpp(98): error C2664: 'int Trie::find(char [])': cannot convert argument 1 from 'const char [5]' to 'char []'
  C:\Users\Peter\Developer\algorithms\data-structures\Trie\main.cpp(98): note: Conversion from string literal loses const qualifier (see /Zc:strictStrings)
C:\Users\Peter\Developer\algorithms\data-structures\Trie\main.cpp(98): warning C4473: 'printf' : not enough arguments passed for format string
  C:\Users\Peter\Developer\algorithms\data-structures\Trie\main.cpp(98): note: placeholders and their parameters expect 1 variadic arguments, but 0 were provided
  C:\Users\Peter\Developer\algorithms\data-structures\Trie\main.cpp(98): note: the missing variadic argument 1 is required by format string '%d'
C:\Users\Peter\Developer\algorithms\data-structures\Trie\main.cpp(99): error C2664: 'int Trie::find(char [])': cannot convert argument 1 from 'const char [4]' to 'char []'
  C:\Users\Peter\Developer\algorithms\data-structures\Trie\main.cpp(99): note: Conversion from string literal loses const qualifier (see /Zc:strictStrings)
C:\Users\Peter\Developer\algorithms\data-structures\Trie\main.cpp(99): warning C4473: 'printf' : not enough arguments passed for format string
  C:\Users\Peter\Developer\algorithms\data-structures\Trie\main.cpp(99): note: placeholders and their parameters expect 1 variadic arguments, but 0 were provided
  C:\Users\Peter\Developer\algorithms\data-structures\Trie\main.cpp(99): note: the missing variadic argument 1 is required by format string '%d'
C:\Users\Peter\Developer\algorithms\data-structures\Trie\main.cpp(100): error C2664: 'int Trie::find(char [])': cannot convert argument 1 from 'const char [4]' to 'char []'
  C:\Users\Peter\Developer\algorithms\data-structures\Trie\main.cpp(100): note: Conversion from string literal loses const qualifier (see /Zc:strictStrings)
C:\Users\Peter\Developer\algorithms\data-structures\Trie\main.cpp(100): warning C4473: 'printf' : not enough arguments passed for format string
  C:\Users\Peter\Developer\algorithms\data-structures\Trie\main.cpp(100): note: placeholders and their parameters expect 1 variadic arguments, but 0 were provided
  C:\Users\Peter\Developer\algorithms\data-structures\Trie\main.cpp(100): note: the missing variadic argument 1 is required by format string '%d'
C:\Users\Peter\Developer\algorithms\data-structures\Trie\main.cpp(101): error C2664: 'int Trie::find(char [])': cannot convert argument 1 from 'const char [4]' to 'char []'
  C:\Users\Peter\Developer\algorithms\data-structures\Trie\main.cpp(101): note: Conversion from string literal loses const qualifier (see /Zc:strictStrings)
C:\Users\Peter\Developer\algorithms\data-structures\Trie\main.cpp(101): warning C4473: 'printf' : not enough arguments passed for format string
  C:\Users\Peter\Developer\algorithms\data-structures\Trie\main.cpp(101): note: placeholders and their parameters expect 1 variadic arguments, but 0 were provided
  C:\Users\Peter\Developer\algorithms\data-structures\Trie\main.cpp(101): note: the missing variadic argument 1 is required by format string '%d'
C:\Users\Peter\Developer\algorithms\data-structures\Trie\main.cpp(102): error C2664: 'int Trie::find(char [])': cannot convert argument 1 from 'const char [3]' to 'char []'
  C:\Users\Peter\Developer\algorithms\data-structures\Trie\main.cpp(102): note: Conversion from string literal loses const qualifier (see /Zc:strictStrings)
C:\Users\Peter\Developer\algorithms\data-structures\Trie\main.cpp(102): warning C4473: 'printf' : not enough arguments passed for format string
  C:\Users\Peter\Developer\algorithms\data-structures\Trie\main.cpp(102): note: placeholders and their parameters expect 1 variadic arguments, but 0 were provided
  C:\Users\Peter\Developer\algorithms\data-structures\Trie\main.cpp(102): note: the missing variadic argument 1 is required by format string '%d'
